 (0,0): Unity incremental compiler server
 (0,0): watchdog active on pid: 14256
 (0,0): [10/23/2018 01:00:14.414 PM] Unity.Postprocessing.Runtime.dll: no prior compilation found in cache
 (0,0): [10/23/2018 01:00:14.429 PM] Unity.Postprocessing.Runtime.dll compiling...
 (0,0): [10/23/2018 01:00:14.452 PM] Unity.PackageManagerUI.Editor.dll: no prior compilation found in cache
 (0,0): [10/23/2018 01:00:14.464 PM] Unity.PackageManagerUI.Editor.dll compiling...
 (0,0): [10/23/2018 01:00:14.640 PM] Unity.TextMeshPro.dll: no prior compilation found in cache
 (0,0): [10/23/2018 01:00:14.641 PM] UnityEditor.StandardEvents.dll: no prior compilation found in cache
 (0,0): [10/23/2018 01:00:14.660 PM] Unity.TextMeshPro.dll compiling...
 (0,0): [10/23/2018 01:00:14.677 PM] UnityEditor.StandardEvents.dll compiling...
 (0,0): [10/23/2018 01:00:16.611 PM] UnityEditor.StandardEvents.dll: emitting IL to : C:\Users\Administrator\AdvProgTech\Temp\UnityEditor.StandardEvents.dll
 (0,0): [10/23/2018 01:00:16.611 PM] Unity.PackageManagerUI.Editor.dll: emitting IL to : C:\Users\Administrator\AdvProgTech\Temp\Unity.PackageManagerUI.Editor.dll
 (0,0): [10/23/2018 01:00:16.612 PM] Unity.TextMeshPro.dll: emitting IL to : C:\Users\Administrator\AdvProgTech\Temp\Unity.TextMeshPro.dll
 (0,0): [10/23/2018 01:00:16.612 PM] Unity.Postprocessing.Runtime.dll: emitting IL to : C:\Users\Administrator\AdvProgTech\Temp\Unity.Postprocessing.Runtime.dll
 (0,0): [10/23/2018 01:00:16.724 PM] Unity.PackageManagerUI.Editor.dll compilation finished in 2260ms  source files re-parsed: 44 metadata reloaded: 141
 (0,0): [10/23/2018 01:00:16.727 PM] Unity.Postprocessing.Runtime.dll compilation finished in 2298ms  source files re-parsed: 56 metadata reloaded: 185
 (0,0): [10/23/2018 01:00:16.724 PM] UnityEditor.StandardEvents.dll compilation finished in 2047ms  source files re-parsed: 1 metadata reloaded: 0
 (0,0): [10/23/2018 01:00:16.724 PM] Unity.TextMeshPro.dll compilation finished in 2064ms  source files re-parsed: 45 metadata reloaded: 0
 (0,0): [10/23/2018 01:00:17.275 PM] Unity.Postprocessing.Editor.dll: no prior compilation found in cache
 (0,0): [10/23/2018 01:00:17.287 PM] Unity.Postprocessing.Editor.dll compiling...
 (0,0): [10/23/2018 01:00:17.412 PM] Unity.TextMeshPro.Editor.dll: no prior compilation found in cache
 (0,0): [10/23/2018 01:00:17.426 PM] Unity.TextMeshPro.Editor.dll compiling...
 (0,0): [10/23/2018 01:00:17.467 PM] Unity.Postprocessing.Editor.dll: emitting IL to : C:\Users\Administrator\AdvProgTech\Temp\Unity.Postprocessing.Editor.dll
 (0,0): [10/23/2018 01:00:17.530 PM] Unity.Postprocessing.Editor.dll compilation finished in 243ms  source files re-parsed: 35 metadata reloaded: 1
 (0,0): [10/23/2018 01:00:17.658 PM] Unity.TextMeshPro.Editor.dll: emitting IL to : C:\Users\Administrator\AdvProgTech\Temp\Unity.TextMeshPro.Editor.dll
 (0,0): [10/23/2018 01:00:17.727 PM] Unity.TextMeshPro.Editor.dll compilation finished in 300ms  source files re-parsed: 39 metadata reloaded: 1
 (0,0): [10/23/2018 01:00:18.089 PM] Assembly-CSharp.dll: no prior compilation found in cache
 (0,0): [10/23/2018 01:00:18.101 PM] Assembly-CSharp.dll compiling...
 (0,0): [10/23/2018 01:00:18.202 PM] Assembly-CSharp.dll: emitting IL to : C:\Users\Administrator\AdvProgTech\Temp\Assembly-CSharp.dll
 (0,0): [10/23/2018 01:00:18.237 PM] Assembly-CSharp.dll compilation finished in 136ms  source files re-parsed: 9 metadata reloaded: 4
 (0,0): [10/23/2018 01:05:12.395 PM] Compiler cache size is now 15.36 MB
 (0,0): [10/23/2018 01:06:16.268 PM] Assembly-CSharp.dll compiling...
 (0,0): [10/23/2018 01:06:16.358 PM] Assembly-CSharp.dll: emitting IL to : C:\Users\Administrator\AdvProgTech\Temp\Assembly-CSharp.dll
 (0,0): [10/23/2018 01:06:16.420 PM] Assembly-CSharp.dll compilation finished in 152ms  source files re-parsed: 1 metadata reloaded: 0
 (0,0): [10/23/2018 01:06:16.432 PM] Assembly-CSharp.dll: compilation was cached, 1 file(s) were found to have changed.
 (0,0): [10/23/2018 01:06:27.481 PM] Assembly-CSharp.dll compiling...
 (0,0): [10/23/2018 01:06:27.511 PM] Assembly-CSharp.dll: emitting IL to : C:\Users\Administrator\AdvProgTech\Temp\Assembly-CSharp.dll
 (0,0): [10/23/2018 01:06:27.555 PM] Assembly-CSharp.dll compilation finished in 73ms  source files re-parsed: 1 metadata reloaded: 0
 (0,0): [10/23/2018 01:06:27.567 PM] Assembly-CSharp.dll: compilation was cached, 1 file(s) were found to have changed.
 (0,0): [10/23/2018 01:07:21.991 PM] Assembly-CSharp.dll: no prior compilation found in cache
 (0,0): [10/23/2018 01:07:22.003 PM] Assembly-CSharp.dll compiling...
 (0,0): [10/23/2018 01:07:22.048 PM] Assembly-CSharp.dll: emitting IL to : C:\Users\Administrator\AdvProgTech\Temp\Assembly-CSharp.dll
 (0,0): [10/23/2018 01:07:22.089 PM] Assembly-CSharp.dll compilation finished in 86ms  source files re-parsed: 12 metadata reloaded: 0
 (0,0): [10/23/2018 01:08:18.270 PM] Assembly-CSharp.dll compiling...
 (0,0): [10/23/2018 01:08:18.310 PM] Assembly-CSharp.dll: emitting IL to : C:\Users\Administrator\AdvProgTech\Temp\Assembly-CSharp.dll
 (0,0): [10/23/2018 01:08:18.348 PM] Assembly-CSharp.dll compilation finished in 78ms  source files re-parsed: 1 metadata reloaded: 0
 (0,0): [10/23/2018 01:08:18.359 PM] Assembly-CSharp.dll: compilation was cached, 1 file(s) were found to have changed.
 (0,0): [10/23/2018 01:08:22.386 PM] Assembly-CSharp.dll compiling...
 (0,0): [10/23/2018 01:08:22.421 PM] Assembly-CSharp.dll: emitting IL to : C:\Users\Administrator\AdvProgTech\Temp\Assembly-CSharp.dll
 (0,0): [10/23/2018 01:08:22.471 PM] Assembly-CSharp.dll compilation finished in 85ms  source files re-parsed: 1 metadata reloaded: 0
 (0,0): [10/23/2018 01:08:22.483 PM] Assembly-CSharp.dll: compilation was cached, 1 file(s) were found to have changed.
 (0,0): [10/23/2018 01:08:52.305 PM] Assembly-CSharp.dll compiling...
 (0,0): [10/23/2018 01:08:52.345 PM] Assembly-CSharp.dll: emitting IL to : C:\Users\Administrator\AdvProgTech\Temp\Assembly-CSharp.dll
 (0,0): [10/23/2018 01:08:52.383 PM] Assembly-CSharp.dll compilation finished in 78ms  source files re-parsed: 1 metadata reloaded: 0
 (0,0): [10/23/2018 01:08:52.395 PM] Assembly-CSharp.dll: compilation was cached, 1 file(s) were found to have changed.
 (0,0): [10/23/2018 01:12:26.492 PM] Assembly-CSharp.dll compiling...
 (0,0): [10/23/2018 01:12:26.532 PM] Assembly-CSharp.dll: emitting IL to : C:\Users\Administrator\AdvProgTech\Temp\Assembly-CSharp.dll
 (0,0): [10/23/2018 01:12:26.574 PM] Assembly-CSharp.dll compilation finished in 82ms  source files re-parsed: 1 metadata reloaded: 0
 (0,0): [10/23/2018 01:12:26.586 PM] Assembly-CSharp.dll: compilation was cached, 1 file(s) were found to have changed.
 (0,0): [10/23/2018 01:12:27.471 PM] Assembly-CSharp.dll compiling...
 (0,0): [10/23/2018 01:12:27.501 PM] Assembly-CSharp.dll: emitting IL to : C:\Users\Administrator\AdvProgTech\Temp\Assembly-CSharp.dll
 (0,0): [10/23/2018 01:12:27.545 PM] Assembly-CSharp.dll compilation finished in 74ms  source files re-parsed: 0 metadata reloaded: 0
 (0,0): [10/23/2018 01:12:27.557 PM] Assembly-CSharp.dll: compilation was cached, 0 file(s) were found to have changed.
 (0,0): [10/23/2018 01:15:28.510 PM] Assembly-CSharp.dll compiling...
 (0,0): [10/23/2018 01:15:28.548 PM] Assembly-CSharp.dll: emitting IL to : C:\Users\Administrator\AdvProgTech\Temp\Assembly-CSharp.dll
 (0,0): [10/23/2018 01:15:28.586 PM] Assembly-CSharp.dll compilation finished in 76ms  source files re-parsed: 1 metadata reloaded: 0
 (0,0): [10/23/2018 01:15:28.598 PM] Assembly-CSharp.dll: compilation was cached, 1 file(s) were found to have changed.
 (0,0): [10/23/2018 01:15:35.832 PM] Assembly-CSharp.dll compiling...
 (0,0): [10/23/2018 01:15:35.867 PM] Assembly-CSharp.dll: emitting IL to : C:\Users\Administrator\AdvProgTech\Temp\Assembly-CSharp.dll
 (0,0): [10/23/2018 01:15:35.909 PM] Assembly-CSharp.dll compilation finished in 76ms  source files re-parsed: 1 metadata reloaded: 0
 (0,0): [10/23/2018 01:15:35.921 PM] Assembly-CSharp.dll: compilation was cached, 1 file(s) were found to have changed.
 (0,0): [10/23/2018 01:15:37.324 PM] Assembly-CSharp.dll compiling...
 (0,0): [10/23/2018 01:15:37.363 PM] Assembly-CSharp.dll: emitting IL to : C:\Users\Administrator\AdvProgTech\Temp\Assembly-CSharp.dll
 (0,0): [10/23/2018 01:15:37.413 PM] Assembly-CSharp.dll compilation finished in 88ms  source files re-parsed: 1 metadata reloaded: 0
 (0,0): [10/23/2018 01:15:37.425 PM] Assembly-CSharp.dll: compilation was cached, 1 file(s) were found to have changed.
 (0,0): [10/23/2018 01:16:19.229 PM] Assembly-CSharp.dll compiling...
 (0,0): [10/23/2018 01:16:19.276 PM] Assembly-CSharp.dll: emitting IL to : C:\Users\Administrator\AdvProgTech\Temp\Assembly-CSharp.dll
 (0,0): [10/23/2018 01:16:19.312 PM] Assembly-CSharp.dll compilation finished in 83ms  source files re-parsed: 1 metadata reloaded: 0
 (0,0): [10/23/2018 01:16:19.324 PM] Assembly-CSharp.dll: compilation was cached, 1 file(s) were found to have changed.
 (0,0): [10/23/2018 01:16:51.187 PM] Assembly-CSharp.dll compiling...
 (0,0): [10/23/2018 01:16:51.223 PM] Assembly-CSharp.dll: emitting IL to : C:\Users\Administrator\AdvProgTech\Temp\Assembly-CSharp.dll
 (0,0): [10/23/2018 01:16:51.261 PM] Assembly-CSharp.dll compilation finished in 74ms  source files re-parsed: 1 metadata reloaded: 0
 (0,0): [10/23/2018 01:16:51.273 PM] Assembly-CSharp.dll: compilation was cached, 1 file(s) were found to have changed.
 (0,0): [10/23/2018 01:17:04.249 PM] Assembly-CSharp.dll compiling...
 (0,0): [10/23/2018 01:17:04.282 PM] Assembly-CSharp.dll: emitting IL to : C:\Users\Administrator\AdvProgTech\Temp\Assembly-CSharp.dll
 (0,0): [10/23/2018 01:17:04.318 PM] Assembly-CSharp.dll compilation finished in 69ms  source files re-parsed: 1 metadata reloaded: 0
 (0,0): [10/23/2018 01:17:04.330 PM] Assembly-CSharp.dll: compilation was cached, 1 file(s) were found to have changed.
 (0,0): [10/23/2018 01:17:39.925 PM] Assembly-CSharp.dll compiling...
 (0,0): [10/23/2018 01:17:39.955 PM] Assembly-CSharp.dll: emitting IL to : C:\Users\Administrator\AdvProgTech\Temp\Assembly-CSharp.dll
 (0,0): [10/23/2018 01:17:39.996 PM] Assembly-CSharp.dll compilation finished in 71ms  source files re-parsed: 1 metadata reloaded: 0
 (0,0): [10/23/2018 01:17:40.008 PM] Assembly-CSharp.dll: compilation was cached, 1 file(s) were found to have changed.
 (0,0): [10/23/2018 01:18:05.941 PM] Assembly-CSharp.dll compiling...
 (0,0): [10/23/2018 01:18:05.973 PM] Assembly-CSharp.dll: emitting IL to : C:\Users\Administrator\AdvProgTech\Temp\Assembly-CSharp.dll
 (0,0): [10/23/2018 01:18:06.013 PM] Assembly-CSharp.dll compilation finished in 72ms  source files re-parsed: 1 metadata reloaded: 0
 (0,0): [10/23/2018 01:18:06.025 PM] Assembly-CSharp.dll: compilation was cached, 1 file(s) were found to have changed.
 (0,0): [10/23/2018 01:18:40.083 PM] Assembly-CSharp.dll compiling...
 (0,0): [10/23/2018 01:18:40.136 PM] Assembly-CSharp.dll: emitting IL to : C:\Users\Administrator\AdvProgTech\Temp\Assembly-CSharp.dll
 (0,0): [10/23/2018 01:18:40.177 PM] Assembly-CSharp.dll compilation finished in 94ms  source files re-parsed: 1 metadata reloaded: 0
 (0,0): [10/23/2018 01:18:40.188 PM] Assembly-CSharp.dll: compilation was cached, 1 file(s) were found to have changed.
 (0,0): [10/23/2018 01:19:20.293 PM] Assembly-CSharp.dll compiling...
 (0,0): [10/23/2018 01:19:20.332 PM] Assembly-CSharp.dll: emitting IL to : C:\Users\Administrator\AdvProgTech\Temp\Assembly-CSharp.dll
 (0,0): [10/23/2018 01:19:20.348 PM] Assembly-CSharp.dll compilation finished in 55ms  source files re-parsed: 1 metadata reloaded: 0
 (0,0): [10/23/2018 01:19:20.360 PM] Assembly-CSharp.dll: compilation was cached, 1 file(s) were found to have changed.
 (0,0): [10/23/2018 01:19:42.591 PM] Assembly-CSharp.dll compiling...
 (0,0): [10/23/2018 01:19:42.626 PM] Assembly-CSharp.dll: emitting IL to : C:\Users\Administrator\AdvProgTech\Temp\Assembly-CSharp.dll
 (0,0): [10/23/2018 01:19:42.637 PM] Assembly-CSharp.dll compilation finished in 45ms  source files re-parsed: 1 metadata reloaded: 0
 (0,0): [10/23/2018 01:19:42.648 PM] Assembly-CSharp.dll: compilation was cached, 1 file(s) were found to have changed.
 (0,0): [10/23/2018 01:19:56.114 PM] Assembly-CSharp.dll compiling...
 (0,0): [10/23/2018 01:19:56.146 PM] Assembly-CSharp.dll: emitting IL to : C:\Users\Administrator\AdvProgTech\Temp\Assembly-CSharp.dll
 (0,0): [10/23/2018 01:19:56.159 PM] Assembly-CSharp.dll compilation finished in 44ms  source files re-parsed: 1 metadata reloaded: 0
 (0,0): [10/23/2018 01:19:56.170 PM] Assembly-CSharp.dll: compilation was cached, 1 file(s) were found to have changed.
 (0,0): [10/23/2018 01:20:24.447 PM] Assembly-CSharp.dll compiling...
 (0,0): [10/23/2018 01:20:24.479 PM] Assembly-CSharp.dll: emitting IL to : C:\Users\Administrator\AdvProgTech\Temp\Assembly-CSharp.dll
 (0,0): [10/23/2018 01:20:24.491 PM] Assembly-CSharp.dll compilation finished in 43ms  source files re-parsed: 1 metadata reloaded: 0
 (0,0): [10/23/2018 01:20:24.504 PM] Assembly-CSharp.dll: compilation was cached, 1 file(s) were found to have changed.
 (0,0): [10/23/2018 01:20:39.439 PM] Assembly-CSharp.dll compiling...
 (0,0): [10/23/2018 01:20:39.469 PM] Assembly-CSharp.dll: emitting IL to : C:\Users\Administrator\AdvProgTech\Temp\Assembly-CSharp.dll
 (0,0): [10/23/2018 01:20:39.481 PM] Assembly-CSharp.dll compilation finished in 42ms  source files re-parsed: 1 metadata reloaded: 0
 (0,0): [10/23/2018 01:20:39.493 PM] Assembly-CSharp.dll: compilation was cached, 1 file(s) were found to have changed.
 (0,0): [10/23/2018 01:20:43.071 PM] Assembly-CSharp.dll compiling...
 (0,0): [10/23/2018 01:20:43.104 PM] Assembly-CSharp.dll: emitting IL to : C:\Users\Administrator\AdvProgTech\Temp\Assembly-CSharp.dll
 (0,0): [10/23/2018 01:20:43.115 PM] Assembly-CSharp.dll compilation finished in 43ms  source files re-parsed: 1 metadata reloaded: 0
 (0,0): [10/23/2018 01:20:43.127 PM] Assembly-CSharp.dll: compilation was cached, 1 file(s) were found to have changed.
 (0,0): [10/23/2018 01:21:21.590 PM] Assembly-CSharp.dll compiling...
 (0,0): [10/23/2018 01:21:21.623 PM] Assembly-CSharp.dll: emitting IL to : C:\Users\Administrator\AdvProgTech\Temp\Assembly-CSharp.dll
 (0,0): [10/23/2018 01:21:21.636 PM] Assembly-CSharp.dll compilation finished in 45ms  source files re-parsed: 1 metadata reloaded: 0
 (0,0): [10/23/2018 01:21:21.647 PM] Assembly-CSharp.dll: compilation was cached, 1 file(s) were found to have changed.
 (0,0): [10/23/2018 01:21:22.992 PM] Assembly-CSharp.dll compiling...
 (0,0): [10/23/2018 01:21:23.035 PM] Assembly-CSharp.dll: emitting IL to : C:\Users\Administrator\AdvProgTech\Temp\Assembly-CSharp.dll
 (0,0): [10/23/2018 01:21:23.081 PM] Assembly-CSharp.dll compilation finished in 88ms  source files re-parsed: 1 metadata reloaded: 0
 (0,0): [10/23/2018 01:21:23.093 PM] Assembly-CSharp.dll: compilation was cached, 1 file(s) were found to have changed.
 (0,0): [10/23/2018 01:21:59.859 PM] Assembly-CSharp.dll compiling...
 (0,0): [10/23/2018 01:21:59.897 PM] Assembly-CSharp.dll: emitting IL to : C:\Users\Administrator\AdvProgTech\Temp\Assembly-CSharp.dll
 (0,0): [10/23/2018 01:21:59.934 PM] Assembly-CSharp.dll compilation finished in 75ms  source files re-parsed: 1 metadata reloaded: 0
 (0,0): [10/23/2018 01:21:59.946 PM] Assembly-CSharp.dll: compilation was cached, 1 file(s) were found to have changed.
 (0,0): [10/23/2018 01:22:07.017 PM] Assembly-CSharp.dll compiling...
 (0,0): [10/23/2018 01:22:07.053 PM] Assembly-CSharp.dll: emitting IL to : C:\Users\Administrator\AdvProgTech\Temp\Assembly-CSharp.dll
 (0,0): [10/23/2018 01:22:07.092 PM] Assembly-CSharp.dll compilation finished in 75ms  source files re-parsed: 1 metadata reloaded: 0
 (0,0): [10/23/2018 01:22:07.104 PM] Assembly-CSharp.dll: compilation was cached, 1 file(s) were found to have changed.
 (0,0): [10/23/2018 01:22:15.864 PM] Assembly-CSharp.dll compiling...
 (0,0): [10/23/2018 01:22:15.896 PM] Assembly-CSharp.dll: emitting IL to : C:\Users\Administrator\AdvProgTech\Temp\Assembly-CSharp.dll
 (0,0): [10/23/2018 01:22:15.933 PM] Assembly-CSharp.dll compilation finished in 68ms  source files re-parsed: 1 metadata reloaded: 0
 (0,0): [10/23/2018 01:22:15.946 PM] Assembly-CSharp.dll: compilation was cached, 1 file(s) were found to have changed.
 (0,0): [10/23/2018 01:22:24.236 PM] Assembly-CSharp.dll compiling...
 (0,0): [10/23/2018 01:22:24.280 PM] Assembly-CSharp.dll: emitting IL to : C:\Users\Administrator\AdvProgTech\Temp\Assembly-CSharp.dll
 (0,0): [10/23/2018 01:22:24.293 PM] Assembly-CSharp.dll compilation finished in 56ms  source files re-parsed: 1 metadata reloaded: 0
 (0,0): [10/23/2018 01:22:24.304 PM] Assembly-CSharp.dll: compilation was cached, 1 file(s) were found to have changed.
 (0,0): [10/23/2018 01:22:45.428 PM] Assembly-CSharp.dll compiling...
 (0,0): [10/23/2018 01:22:45.463 PM] Assembly-CSharp.dll: emitting IL to : C:\Users\Administrator\AdvProgTech\Temp\Assembly-CSharp.dll
 (0,0): [10/23/2018 01:22:45.475 PM] Assembly-CSharp.dll compilation finished in 46ms  source files re-parsed: 1 metadata reloaded: 0
 (0,0): [10/23/2018 01:22:45.486 PM] Assembly-CSharp.dll: compilation was cached, 1 file(s) were found to have changed.
 (0,0): [10/23/2018 01:22:57.750 PM] Assembly-CSharp.dll compiling...
 (0,0): [10/23/2018 01:22:57.783 PM] Assembly-CSharp.dll: emitting IL to : C:\Users\Administrator\AdvProgTech\Temp\Assembly-CSharp.dll
 (0,0): [10/23/2018 01:22:57.820 PM] Assembly-CSharp.dll compilation finished in 70ms  source files re-parsed: 1 metadata reloaded: 0
 (0,0): [10/23/2018 01:22:57.833 PM] Assembly-CSharp.dll: compilation was cached, 1 file(s) were found to have changed.
 (0,0): [10/23/2018 01:23:16.045 PM] Assembly-CSharp.dll compiling...
 (0,0): [10/23/2018 01:23:16.081 PM] Assembly-CSharp.dll: emitting IL to : C:\Users\Administrator\AdvProgTech\Temp\Assembly-CSharp.dll
 (0,0): [10/23/2018 01:23:16.121 PM] Assembly-CSharp.dll compilation finished in 77ms  source files re-parsed: 1 metadata reloaded: 0
 (0,0): [10/23/2018 01:23:16.133 PM] Assembly-CSharp.dll: compilation was cached, 1 file(s) were found to have changed.
 (0,0): [10/23/2018 01:23:32.170 PM] Assembly-CSharp.dll compiling...
 (0,0): [10/23/2018 01:23:32.200 PM] Assembly-CSharp.dll: emitting IL to : C:\Users\Administrator\AdvProgTech\Temp\Assembly-CSharp.dll
 (0,0): [10/23/2018 01:23:32.238 PM] Assembly-CSharp.dll compilation finished in 67ms  source files re-parsed: 1 metadata reloaded: 0
 (0,0): [10/23/2018 01:23:32.250 PM] Assembly-CSharp.dll: compilation was cached, 1 file(s) were found to have changed.
 (0,0): [10/23/2018 01:23:46.322 PM] Assembly-CSharp.dll compiling...
 (0,0): [10/23/2018 01:23:46.352 PM] Assembly-CSharp.dll: emitting IL to : C:\Users\Administrator\AdvProgTech\Temp\Assembly-CSharp.dll
 (0,0): [10/23/2018 01:23:46.364 PM] Assembly-CSharp.dll compilation finished in 42ms  source files re-parsed: 1 metadata reloaded: 0
 (0,0): [10/23/2018 01:23:46.376 PM] Assembly-CSharp.dll: compilation was cached, 1 file(s) were found to have changed.
 (0,0): [10/23/2018 01:24:43.103 PM] Assembly-CSharp.dll compiling...
 (0,0): [10/23/2018 01:24:43.134 PM] Assembly-CSharp.dll: emitting IL to : C:\Users\Administrator\AdvProgTech\Temp\Assembly-CSharp.dll
 (0,0): [10/23/2018 01:24:43.147 PM] Assembly-CSharp.dll compilation finished in 44ms  source files re-parsed: 1 metadata reloaded: 0
 (0,0): [10/23/2018 01:24:43.160 PM] Assembly-CSharp.dll: compilation was cached, 1 file(s) were found to have changed.
 (0,0): [10/23/2018 01:25:02.344 PM] Assembly-CSharp.dll compiling...
 (0,0): [10/23/2018 01:25:02.387 PM] Assembly-CSharp.dll: emitting IL to : C:\Users\Administrator\AdvProgTech\Temp\Assembly-CSharp.dll
 (0,0): [10/23/2018 01:25:02.399 PM] Assembly-CSharp.dll compilation finished in 55ms  source files re-parsed: 1 metadata reloaded: 0
 (0,0): [10/23/2018 01:25:02.411 PM] Assembly-CSharp.dll: compilation was cached, 1 file(s) were found to have changed.
 (0,0): [10/23/2018 01:25:52.648 PM] Assembly-CSharp.dll compiling...
 (0,0): [10/23/2018 01:25:52.698 PM] Assembly-CSharp.dll: emitting IL to : C:\Users\Administrator\AdvProgTech\Temp\Assembly-CSharp.dll
 (0,0): [10/23/2018 01:25:52.740 PM] Assembly-CSharp.dll compilation finished in 92ms  source files re-parsed: 1 metadata reloaded: 0
 (0,0): [10/23/2018 01:25:52.751 PM] Assembly-CSharp.dll: compilation was cached, 1 file(s) were found to have changed.
 (0,0): [10/23/2018 01:27:58.841 PM] Assembly-CSharp.dll compiling...
 (0,0): [10/23/2018 01:27:58.873 PM] Assembly-CSharp.dll: emitting IL to : C:\Users\Administrator\AdvProgTech\Temp\Assembly-CSharp.dll
 (0,0): [10/23/2018 01:27:58.914 PM] Assembly-CSharp.dll compilation finished in 73ms  source files re-parsed: 1 metadata reloaded: 0
 (0,0): [10/23/2018 01:27:58.925 PM] Assembly-CSharp.dll: compilation was cached, 1 file(s) were found to have changed.
 (0,0): [10/23/2018 01:28:30.349 PM] Assembly-CSharp.dll compiling...
 (0,0): [10/23/2018 01:28:30.386 PM] Assembly-CSharp.dll: emitting IL to : C:\Users\Administrator\AdvProgTech\Temp\Assembly-CSharp.dll
 (0,0): [10/23/2018 01:28:30.424 PM] Assembly-CSharp.dll compilation finished in 75ms  source files re-parsed: 1 metadata reloaded: 0
 (0,0): [10/23/2018 01:28:30.436 PM] Assembly-CSharp.dll: compilation was cached, 1 file(s) were found to have changed.
 (0,0): [10/23/2018 01:28:34.303 PM] Assembly-CSharp.dll compiling...
 (0,0): [10/23/2018 01:28:34.338 PM] Assembly-CSharp.dll: emitting IL to : C:\Users\Administrator\AdvProgTech\Temp\Assembly-CSharp.dll
 (0,0): [10/23/2018 01:28:34.377 PM] Assembly-CSharp.dll compilation finished in 73ms  source files re-parsed: 1 metadata reloaded: 0
 (0,0): [10/23/2018 01:28:34.392 PM] Assembly-CSharp.dll: compilation was cached, 1 file(s) were found to have changed.
 (0,0): [10/23/2018 01:28:46.215 PM] Assembly-CSharp.dll compiling...
 (0,0): [10/23/2018 01:28:46.244 PM] Assembly-CSharp.dll: emitting IL to : C:\Users\Administrator\AdvProgTech\Temp\Assembly-CSharp.dll
 (0,0): [10/23/2018 01:28:46.256 PM] Assembly-CSharp.dll compilation finished in 41ms  source files re-parsed: 1 metadata reloaded: 0
 (0,0): [10/23/2018 01:28:46.268 PM] Assembly-CSharp.dll: compilation was cached, 1 file(s) were found to have changed.
 (0,0): [10/23/2018 01:29:00.323 PM] Assembly-CSharp.dll compiling...
 (0,0): [10/23/2018 01:29:00.356 PM] Assembly-CSharp.dll: emitting IL to : C:\Users\Administrator\AdvProgTech\Temp\Assembly-CSharp.dll
 (0,0): [10/23/2018 01:29:00.369 PM] Assembly-CSharp.dll compilation finished in 45ms  source files re-parsed: 1 metadata reloaded: 0
 (0,0): [10/23/2018 01:29:00.380 PM] Assembly-CSharp.dll: compilation was cached, 1 file(s) were found to have changed.
 (0,0): [10/23/2018 01:29:03.489 PM] Assembly-CSharp.dll compiling...
 (0,0): [10/23/2018 01:29:03.519 PM] Assembly-CSharp.dll: emitting IL to : C:\Users\Administrator\AdvProgTech\Temp\Assembly-CSharp.dll
 (0,0): [10/23/2018 01:29:03.531 PM] Assembly-CSharp.dll compilation finished in 41ms  source files re-parsed: 1 metadata reloaded: 0
 (0,0): [10/23/2018 01:29:03.543 PM] Assembly-CSharp.dll: compilation was cached, 1 file(s) were found to have changed.
 (0,0): [10/23/2018 01:29:06.634 PM] Assembly-CSharp.dll compiling...
 (0,0): [10/23/2018 01:29:06.668 PM] Assembly-CSharp.dll: emitting IL to : C:\Users\Administrator\AdvProgTech\Temp\Assembly-CSharp.dll
 (0,0): [10/23/2018 01:29:06.680 PM] Assembly-CSharp.dll compilation finished in 46ms  source files re-parsed: 1 metadata reloaded: 0
 (0,0): [10/23/2018 01:29:06.692 PM] Assembly-CSharp.dll: compilation was cached, 1 file(s) were found to have changed.
 (0,0): [10/23/2018 01:29:17.117 PM] Assembly-CSharp.dll compiling...
 (0,0): [10/23/2018 01:29:17.157 PM] Assembly-CSharp.dll: emitting IL to : C:\Users\Administrator\AdvProgTech\Temp\Assembly-CSharp.dll
 (0,0): [10/23/2018 01:29:17.169 PM] Assembly-CSharp.dll compilation finished in 51ms  source files re-parsed: 1 metadata reloaded: 0
 (0,0): [10/23/2018 01:29:17.180 PM] Assembly-CSharp.dll: compilation was cached, 1 file(s) were found to have changed.
 (0,0): [10/23/2018 01:29:47.114 PM] Assembly-CSharp.dll compiling...
 (0,0): [10/23/2018 01:29:47.152 PM] Assembly-CSharp.dll: emitting IL to : C:\Users\Administrator\AdvProgTech\Temp\Assembly-CSharp.dll
 (0,0): [10/23/2018 01:29:47.166 PM] Assembly-CSharp.dll compilation finished in 52ms  source files re-parsed: 1 metadata reloaded: 0
 (0,0): [10/23/2018 01:29:47.177 PM] Assembly-CSharp.dll: compilation was cached, 1 file(s) were found to have changed.
 (0,0): [10/23/2018 01:30:48.448 PM] Assembly-CSharp.dll: no prior compilation found in cache
 (0,0): [10/23/2018 01:30:48.460 PM] Assembly-CSharp.dll compiling...
 (0,0): [10/23/2018 01:30:48.497 PM] Assembly-CSharp.dll: emitting IL to : C:\Users\Administrator\AdvProgTech\Temp\Assembly-CSharp.dll
 (0,0): [10/23/2018 01:30:48.510 PM] Assembly-CSharp.dll compilation finished in 50ms  source files re-parsed: 13 metadata reloaded: 0
 (0,0): [10/23/2018 01:30:53.872 PM] Assembly-CSharp.dll compiling...
 (0,0): [10/23/2018 01:30:53.907 PM] Assembly-CSharp.dll: emitting IL to : C:\Users\Administrator\AdvProgTech\Temp\Assembly-CSharp.dll
 (0,0): [10/23/2018 01:30:53.922 PM] Assembly-CSharp.dll compilation finished in 50ms  source files re-parsed: 1 metadata reloaded: 0
 (0,0): [10/23/2018 01:30:53.934 PM] Assembly-CSharp.dll: compilation was cached, 1 file(s) were found to have changed.
 (0,0): [10/23/2018 01:30:58.690 PM] Assembly-CSharp.dll compiling...
 (0,0): [10/23/2018 01:30:58.723 PM] Assembly-CSharp.dll: emitting IL to : C:\Users\Administrator\AdvProgTech\Temp\Assembly-CSharp.dll
 (0,0): [10/23/2018 01:30:58.736 PM] Assembly-CSharp.dll compilation finished in 46ms  source files re-parsed: 1 metadata reloaded: 0
 (0,0): [10/23/2018 01:30:58.748 PM] Assembly-CSharp.dll: compilation was cached, 1 file(s) were found to have changed.
 (0,0): [10/23/2018 01:31:58.887 PM] Assembly-CSharp.dll compiling...
 (0,0): [10/23/2018 01:31:58.915 PM] Assembly-CSharp.dll: emitting IL to : C:\Users\Administrator\AdvProgTech\Temp\Assembly-CSharp.dll
 (0,0): [10/23/2018 01:31:58.927 PM] Assembly-CSharp.dll compilation finished in 39ms  source files re-parsed: 1 metadata reloaded: 0
 (0,0): [10/23/2018 01:31:58.938 PM] Assembly-CSharp.dll: compilation was cached, 1 file(s) were found to have changed.
 (0,0): [10/23/2018 01:32:00.428 PM] Assembly-CSharp.dll compiling...
 (0,0): [10/23/2018 01:32:00.457 PM] Assembly-CSharp.dll: emitting IL to : C:\Users\Administrator\AdvProgTech\Temp\Assembly-CSharp.dll
 (0,0): [10/23/2018 01:32:00.469 PM] Assembly-CSharp.dll compilation finished in 41ms  source files re-parsed: 1 metadata reloaded: 0
 (0,0): [10/23/2018 01:32:00.481 PM] Assembly-CSharp.dll: compilation was cached, 1 file(s) were found to have changed.
 (0,0): [10/23/2018 01:32:38.338 PM] Assembly-CSharp.dll compiling...
 (0,0): [10/23/2018 01:32:38.375 PM] Assembly-CSharp.dll: emitting IL to : C:\Users\Administrator\AdvProgTech\Temp\Assembly-CSharp.dll
 (0,0): [10/23/2018 01:32:38.386 PM] Assembly-CSharp.dll compilation finished in 48ms  source files re-parsed: 1 metadata reloaded: 0
 (0,0): [10/23/2018 01:32:38.398 PM] Assembly-CSharp.dll: compilation was cached, 1 file(s) were found to have changed.
 (0,0): [10/23/2018 01:33:10.139 PM] Assembly-CSharp.dll compiling...
 (0,0): [10/23/2018 01:33:10.172 PM] Assembly-CSharp.dll: emitting IL to : C:\Users\Administrator\AdvProgTech\Temp\Assembly-CSharp.dll
 (0,0): [10/23/2018 01:33:10.183 PM] Assembly-CSharp.dll compilation finished in 44ms  source files re-parsed: 1 metadata reloaded: 0
 (0,0): [10/23/2018 01:33:10.203 PM] Assembly-CSharp.dll: compilation was cached, 1 file(s) were found to have changed.
 (0,0): [10/23/2018 01:34:05.695 PM] Assembly-CSharp.dll compiling...
 (0,0): [10/23/2018 01:34:05.724 PM] Assembly-CSharp.dll: emitting IL to : C:\Users\Administrator\AdvProgTech\Temp\Assembly-CSharp.dll
 (0,0): [10/23/2018 01:34:05.735 PM] Assembly-CSharp.dll compilation finished in 40ms  source files re-parsed: 1 metadata reloaded: 0
 (0,0): [10/23/2018 01:34:05.747 PM] Assembly-CSharp.dll: compilation was cached, 1 file(s) were found to have changed.
 (0,0): [10/23/2018 01:34:22.243 PM] Assembly-CSharp.dll compiling...
 (0,0): [10/23/2018 01:34:22.274 PM] Assembly-CSharp.dll: emitting IL to : C:\Users\Administrator\AdvProgTech\Temp\Assembly-CSharp.dll
 (0,0): [10/23/2018 01:34:22.286 PM] Assembly-CSharp.dll compilation finished in 43ms  source files re-parsed: 1 metadata reloaded: 0
 (0,0): [10/23/2018 01:34:22.298 PM] Assembly-CSharp.dll: compilation was cached, 1 file(s) were found to have changed.
 (0,0): [10/23/2018 01:34:51.190 PM] Assembly-CSharp.dll compiling...
 (0,0): [10/23/2018 01:34:51.230 PM] Assembly-CSharp.dll: emitting IL to : C:\Users\Administrator\AdvProgTech\Temp\Assembly-CSharp.dll
 (0,0): [10/23/2018 01:34:51.242 PM] Assembly-CSharp.dll compilation finished in 52ms  source files re-parsed: 1 metadata reloaded: 0
 (0,0): [10/23/2018 01:34:51.254 PM] Assembly-CSharp.dll: compilation was cached, 1 file(s) were found to have changed.
 (0,0): [10/23/2018 01:36:45.115 PM] Assembly-CSharp.dll compiling...
 (0,0): [10/23/2018 01:36:45.151 PM] Assembly-CSharp.dll: emitting IL to : C:\Users\Administrator\AdvProgTech\Temp\Assembly-CSharp.dll
 (0,0): [10/23/2018 01:36:45.163 PM] Assembly-CSharp.dll compilation finished in 48ms  source files re-parsed: 1 metadata reloaded: 0
 (0,0): [10/23/2018 01:36:45.175 PM] Assembly-CSharp.dll: compilation was cached, 1 file(s) were found to have changed.
 (0,0): [10/23/2018 01:37:05.413 PM] Assembly-CSharp.dll compiling...
 (0,0): [10/23/2018 01:37:05.461 PM] Assembly-CSharp.dll: emitting IL to : C:\Users\Administrator\AdvProgTech\Temp\Assembly-CSharp.dll
 (0,0): [10/23/2018 01:37:05.474 PM] Assembly-CSharp.dll compilation finished in 60ms  source files re-parsed: 1 metadata reloaded: 0
 (0,0): [10/23/2018 01:37:05.486 PM] Assembly-CSharp.dll: compilation was cached, 1 file(s) were found to have changed.
 (0,0): [10/23/2018 01:37:06.769 PM] Assembly-CSharp.dll compiling...
 (0,0): [10/23/2018 01:37:06.800 PM] Assembly-CSharp.dll: emitting IL to : C:\Users\Administrator\AdvProgTech\Temp\Assembly-CSharp.dll
 (0,0): [10/23/2018 01:37:06.812 PM] Assembly-CSharp.dll compilation finished in 42ms  source files re-parsed: 1 metadata reloaded: 0
 (0,0): [10/23/2018 01:37:06.824 PM] Assembly-CSharp.dll: compilation was cached, 1 file(s) were found to have changed.
 (0,0): [10/23/2018 01:37:11.336 PM] Assembly-CSharp.dll compiling...
 (0,0): [10/23/2018 01:37:11.372 PM] Assembly-CSharp.dll: emitting IL to : C:\Users\Administrator\AdvProgTech\Temp\Assembly-CSharp.dll
 (0,0): [10/23/2018 01:37:11.384 PM] Assembly-CSharp.dll compilation finished in 48ms  source files re-parsed: 1 metadata reloaded: 0
 (0,0): [10/23/2018 01:37:11.396 PM] Assembly-CSharp.dll: compilation was cached, 1 file(s) were found to have changed.
 (0,0): [10/23/2018 01:37:47.654 PM] Assembly-CSharp.dll compiling...
 (0,0): [10/23/2018 01:37:47.696 PM] Assembly-CSharp.dll: emitting IL to : C:\Users\Administrator\AdvProgTech\Temp\Assembly-CSharp.dll
 (0,0): [10/23/2018 01:37:47.710 PM] Assembly-CSharp.dll compilation finished in 56ms  source files re-parsed: 1 metadata reloaded: 0
 (0,0): [10/23/2018 01:37:47.723 PM] Assembly-CSharp.dll: compilation was cached, 1 file(s) were found to have changed.
 (0,0): [10/23/2018 01:38:49.504 PM] Assembly-CSharp.dll compiling...
 (0,0): [10/23/2018 01:38:49.534 PM] Assembly-CSharp.dll: emitting IL to : C:\Users\Administrator\AdvProgTech\Temp\Assembly-CSharp.dll
 (0,0): [10/23/2018 01:38:49.546 PM] Assembly-CSharp.dll compilation finished in 41ms  source files re-parsed: 1 metadata reloaded: 0
 (0,0): [10/23/2018 01:38:49.557 PM] Assembly-CSharp.dll: compilation was cached, 1 file(s) were found to have changed.
 (0,0): [10/23/2018 01:39:04.234 PM] Assembly-CSharp.dll compiling...
 (0,0): [10/23/2018 01:39:04.263 PM] Assembly-CSharp.dll: emitting IL to : C:\Users\Administrator\AdvProgTech\Temp\Assembly-CSharp.dll
 (0,0): [10/23/2018 01:39:04.275 PM] Assembly-CSharp.dll compilation finished in 41ms  source files re-parsed: 1 metadata reloaded: 0
 (0,0): [10/23/2018 01:39:04.287 PM] Assembly-CSharp.dll: compilation was cached, 1 file(s) were found to have changed.
 (0,0): [10/23/2018 01:39:16.536 PM] Assembly-CSharp.dll compiling...
 (0,0): [10/23/2018 01:39:16.578 PM] Assembly-CSharp.dll: emitting IL to : C:\Users\Administrator\AdvProgTech\Temp\Assembly-CSharp.dll
 (0,0): [10/23/2018 01:39:16.590 PM] Assembly-CSharp.dll compilation finished in 53ms  source files re-parsed: 1 metadata reloaded: 0
 (0,0): [10/23/2018 01:39:16.602 PM] Assembly-CSharp.dll: compilation was cached, 1 file(s) were found to have changed.
 (0,0): [10/23/2018 01:39:24.372 PM] Assembly-CSharp.dll compiling...
 (0,0): [10/23/2018 01:39:24.402 PM] Assembly-CSharp.dll: emitting IL to : C:\Users\Administrator\AdvProgTech\Temp\Assembly-CSharp.dll
 (0,0): [10/23/2018 01:39:24.414 PM] Assembly-CSharp.dll compilation finished in 41ms  source files re-parsed: 1 metadata reloaded: 0
 (0,0): [10/23/2018 01:39:24.426 PM] Assembly-CSharp.dll: compilation was cached, 1 file(s) were found to have changed.
 (0,0): [10/23/2018 01:39:30.986 PM] Assembly-CSharp.dll compiling...
 (0,0): [10/23/2018 01:39:31.022 PM] Assembly-CSharp.dll: emitting IL to : C:\Users\Administrator\AdvProgTech\Temp\Assembly-CSharp.dll
 (0,0): [10/23/2018 01:39:31.034 PM] Assembly-CSharp.dll compilation finished in 48ms  source files re-parsed: 1 metadata reloaded: 0
 (0,0): [10/23/2018 01:39:31.046 PM] Assembly-CSharp.dll: compilation was cached, 1 file(s) were found to have changed.
 (0,0): [10/23/2018 01:39:49.365 PM] Assembly-CSharp.dll compiling...
 (0,0): [10/23/2018 01:39:49.393 PM] Assembly-CSharp.dll: emitting IL to : C:\Users\Administrator\AdvProgTech\Temp\Assembly-CSharp.dll
 (0,0): [10/23/2018 01:39:49.406 PM] Assembly-CSharp.dll compilation finished in 39ms  source files re-parsed: 1 metadata reloaded: 0
 (0,0): [10/23/2018 01:39:49.418 PM] Assembly-CSharp.dll: compilation was cached, 1 file(s) were found to have changed.
 (0,0): [10/23/2018 01:40:17.686 PM] Assembly-CSharp.dll compiling...
 (0,0): [10/23/2018 01:40:17.736 PM] Assembly-CSharp.dll: emitting IL to : C:\Users\Administrator\AdvProgTech\Temp\Assembly-CSharp.dll
 (0,0): [10/23/2018 01:40:17.750 PM] Assembly-CSharp.dll compilation finished in 63ms  source files re-parsed: 1 metadata reloaded: 0
 (0,0): [10/23/2018 01:40:17.763 PM] Assembly-CSharp.dll: compilation was cached, 1 file(s) were found to have changed.
 (0,0): [10/23/2018 01:40:29.433 PM] Assembly-CSharp.dll compiling...
 (0,0): [10/23/2018 01:40:29.468 PM] Assembly-CSharp.dll: emitting IL to : C:\Users\Administrator\AdvProgTech\Temp\Assembly-CSharp.dll
 (0,0): [10/23/2018 01:40:29.481 PM] Assembly-CSharp.dll compilation finished in 47ms  source files re-parsed: 1 metadata reloaded: 0
 (0,0): [10/23/2018 01:40:29.492 PM] Assembly-CSharp.dll: compilation was cached, 1 file(s) were found to have changed.
 (0,0): [10/23/2018 01:41:24.177 PM] Assembly-CSharp.dll compiling...
 (0,0): [10/23/2018 01:41:24.218 PM] Assembly-CSharp.dll: emitting IL to : C:\Users\Administrator\AdvProgTech\Temp\Assembly-CSharp.dll
 (0,0): [10/23/2018 01:41:24.232 PM] Assembly-CSharp.dll compilation finished in 55ms  source files re-parsed: 1 metadata reloaded: 0
 (0,0): [10/23/2018 01:41:24.245 PM] Assembly-CSharp.dll: compilation was cached, 1 file(s) were found to have changed.
 (0,0): [10/23/2018 01:41:52.727 PM] Assembly-CSharp.dll compiling...
 (0,0): [10/23/2018 01:41:52.756 PM] Assembly-CSharp.dll: emitting IL to : C:\Users\Administrator\AdvProgTech\Temp\Assembly-CSharp.dll
 (0,0): [10/23/2018 01:41:52.768 PM] Assembly-CSharp.dll compilation finished in 40ms  source files re-parsed: 1 metadata reloaded: 0
 (0,0): [10/23/2018 01:41:52.779 PM] Assembly-CSharp.dll: compilation was cached, 1 file(s) were found to have changed.
 (0,0): [10/23/2018 01:42:03.469 PM] Assembly-CSharp.dll compiling...
 (0,0): [10/23/2018 01:42:03.504 PM] Assembly-CSharp.dll: emitting IL to : C:\Users\Administrator\AdvProgTech\Temp\Assembly-CSharp.dll
 (0,0): [10/23/2018 01:42:03.516 PM] Assembly-CSharp.dll compilation finished in 47ms  source files re-parsed: 1 metadata reloaded: 0
 (0,0): [10/23/2018 01:42:03.528 PM] Assembly-CSharp.dll: compilation was cached, 1 file(s) were found to have changed.
 (0,0): [10/23/2018 01:42:04.782 PM] Assembly-CSharp.dll compiling...
 (0,0): [10/23/2018 01:42:04.815 PM] Assembly-CSharp.dll: emitting IL to : C:\Users\Administrator\AdvProgTech\Temp\Assembly-CSharp.dll
 (0,0): [10/23/2018 01:42:04.827 PM] Assembly-CSharp.dll compilation finished in 45ms  source files re-parsed: 1 metadata reloaded: 0
 (0,0): [10/23/2018 01:42:04.839 PM] Assembly-CSharp.dll: compilation was cached, 1 file(s) were found to have changed.
 (0,0): [10/23/2018 01:42:17.488 PM] Assembly-CSharp.dll compiling...
 (0,0): [10/23/2018 01:42:17.520 PM] Assembly-CSharp.dll: emitting IL to : C:\Users\Administrator\AdvProgTech\Temp\Assembly-CSharp.dll
 (0,0): [10/23/2018 01:42:17.534 PM] Assembly-CSharp.dll compilation finished in 45ms  source files re-parsed: 1 metadata reloaded: 0
 (0,0): [10/23/2018 01:42:17.547 PM] Assembly-CSharp.dll: compilation was cached, 1 file(s) were found to have changed.
 (0,0): [10/23/2018 01:42:25.780 PM] Assembly-CSharp.dll compiling...
 (0,0): [10/23/2018 01:42:25.816 PM] Assembly-CSharp.dll: emitting IL to : C:\Users\Administrator\AdvProgTech\Temp\Assembly-CSharp.dll
 (0,0): [10/23/2018 01:42:25.827 PM] Assembly-CSharp.dll compilation finished in 47ms  source files re-parsed: 1 metadata reloaded: 0
 (0,0): [10/23/2018 01:42:25.839 PM] Assembly-CSharp.dll: compilation was cached, 1 file(s) were found to have changed.
 (0,0): [10/23/2018 01:42:27.095 PM] Assembly-CSharp.dll compiling...
 (0,0): [10/23/2018 01:42:27.135 PM] Assembly-CSharp.dll: emitting IL to : C:\Users\Administrator\AdvProgTech\Temp\Assembly-CSharp.dll
 (0,0): [10/23/2018 01:42:27.148 PM] Assembly-CSharp.dll compilation finished in 53ms  source files re-parsed: 1 metadata reloaded: 0
 (0,0): [10/23/2018 01:42:27.160 PM] Assembly-CSharp.dll: compilation was cached, 1 file(s) were found to have changed.
 (0,0): [10/23/2018 01:43:32.294 PM] Assembly-CSharp.dll compiling...
 (0,0): [10/23/2018 01:43:32.330 PM] Assembly-CSharp.dll: emitting IL to : C:\Users\Administrator\AdvProgTech\Temp\Assembly-CSharp.dll
 (0,0): [10/23/2018 01:43:32.346 PM] Assembly-CSharp.dll compilation finished in 52ms  source files re-parsed: 1 metadata reloaded: 0
 (0,0): [10/23/2018 01:43:32.358 PM] Assembly-CSharp.dll: compilation was cached, 1 file(s) were found to have changed.
 (0,0): [10/23/2018 01:43:34.306 PM] Assembly-CSharp.dll compiling...
 (0,0): [10/23/2018 01:43:34.346 PM] Assembly-CSharp.dll: emitting IL to : C:\Users\Administrator\AdvProgTech\Temp\Assembly-CSharp.dll
 (0,0): [10/23/2018 01:43:34.358 PM] Assembly-CSharp.dll compilation finished in 51ms  source files re-parsed: 1 metadata reloaded: 0
 (0,0): [10/23/2018 01:43:34.370 PM] Assembly-CSharp.dll: compilation was cached, 1 file(s) were found to have changed.
 (0,0): [10/23/2018 01:43:42.420 PM] Assembly-CSharp.dll compiling...
 (0,0): [10/23/2018 01:43:42.459 PM] Assembly-CSharp.dll: emitting IL to : C:\Users\Administrator\AdvProgTech\Temp\Assembly-CSharp.dll
 (0,0): [10/23/2018 01:43:42.471 PM] Assembly-CSharp.dll compilation finished in 51ms  source files re-parsed: 1 metadata reloaded: 0
 (0,0): [10/23/2018 01:43:42.483 PM] Assembly-CSharp.dll: compilation was cached, 1 file(s) were found to have changed.
 (0,0): [10/23/2018 01:43:48.674 PM] Assembly-CSharp.dll compiling...
 (0,0): [10/23/2018 01:43:48.712 PM] Assembly-CSharp.dll: emitting IL to : C:\Users\Administrator\AdvProgTech\Temp\Assembly-CSharp.dll
 (0,0): [10/23/2018 01:43:48.724 PM] Assembly-CSharp.dll compilation finished in 49ms  source files re-parsed: 1 metadata reloaded: 0
 (0,0): [10/23/2018 01:43:48.736 PM] Assembly-CSharp.dll: compilation was cached, 1 file(s) were found to have changed.
 (0,0): [10/23/2018 01:43:56.487 PM] Assembly-CSharp.dll compiling...
 (0,0): [10/23/2018 01:43:56.531 PM] Assembly-CSharp.dll: emitting IL to : C:\Users\Administrator\AdvProgTech\Temp\Assembly-CSharp.dll
 (0,0): [10/23/2018 01:43:56.578 PM] Assembly-CSharp.dll compilation finished in 91ms  source files re-parsed: 1 metadata reloaded: 0
 (0,0): [10/23/2018 01:43:56.590 PM] Assembly-CSharp.dll: compilation was cached, 1 file(s) were found to have changed.
 (0,0): [10/23/2018 01:45:06.265 PM] Assembly-CSharp.dll compiling...
 (0,0): [10/23/2018 01:45:06.298 PM] Assembly-CSharp.dll: emitting IL to : C:\Users\Administrator\AdvProgTech\Temp\Assembly-CSharp.dll
 (0,0): [10/23/2018 01:45:06.339 PM] Assembly-CSharp.dll compilation finished in 73ms  source files re-parsed: 1 metadata reloaded: 0
 (0,0): [10/23/2018 01:45:06.352 PM] Assembly-CSharp.dll: compilation was cached, 1 file(s) were found to have changed.
 (0,0): [10/23/2018 01:46:17.816 PM] Assembly-CSharp.dll compiling...
 (0,0): [10/23/2018 01:46:17.847 PM] Assembly-CSharp.dll: emitting IL to : C:\Users\Administrator\AdvProgTech\Temp\Assembly-CSharp.dll
 (0,0): [10/23/2018 01:46:17.885 PM] Assembly-CSharp.dll compilation finished in 69ms  source files re-parsed: 1 metadata reloaded: 0
 (0,0): [10/23/2018 01:46:17.897 PM] Assembly-CSharp.dll: compilation was cached, 1 file(s) were found to have changed.
 (0,0): [10/23/2018 01:46:48.615 PM] Assembly-CSharp.dll: no prior compilation found in cache
 (0,0): [10/23/2018 01:46:48.627 PM] Assembly-CSharp.dll compiling...
 (0,0): [10/23/2018 01:46:48.668 PM] Assembly-CSharp.dll: emitting IL to : C:\Users\Administrator\AdvProgTech\Temp\Assembly-CSharp.dll
 (0,0): [10/23/2018 01:46:48.716 PM] Assembly-CSharp.dll compilation finished in 89ms  source files re-parsed: 14 metadata reloaded: 0
 (0,0): [10/23/2018 01:46:59.998 PM] Assembly-CSharp.dll: no prior compilation found in cache
 (0,0): [10/23/2018 01:47:00.010 PM] Assembly-CSharp.dll compiling...
 (0,0): [10/23/2018 01:47:00.054 PM] Assembly-CSharp.dll: emitting IL to : C:\Users\Administrator\AdvProgTech\Temp\Assembly-CSharp.dll
 (0,0): [10/23/2018 01:47:00.095 PM] Assembly-CSharp.dll compilation finished in 85ms  source files re-parsed: 15 metadata reloaded: 0
 (0,0): [10/23/2018 01:47:10.644 PM] Assembly-CSharp.dll: no prior compilation found in cache
 (0,0): [10/23/2018 01:47:10.656 PM] Assembly-CSharp.dll compiling...
 (0,0): [10/23/2018 01:47:10.698 PM] Assembly-CSharp.dll: emitting IL to : C:\Users\Administrator\AdvProgTech\Temp\Assembly-CSharp.dll
 (0,0): [10/23/2018 01:47:10.736 PM] Assembly-CSharp.dll compilation finished in 80ms  source files re-parsed: 16 metadata reloaded: 0
 (0,0): [10/23/2018 01:48:21.812 PM] Assembly-CSharp.dll compiling...
 (0,0): [10/23/2018 01:48:21.851 PM] Assembly-CSharp.dll: emitting IL to : C:\Users\Administrator\AdvProgTech\Temp\Assembly-CSharp.dll
 (0,0): [10/23/2018 01:48:21.863 PM] Assembly-CSharp.dll compilation finished in 51ms  source files re-parsed: 1 metadata reloaded: 0
 (0,0): [10/23/2018 01:48:21.875 PM] Assembly-CSharp.dll: compilation was cached, 1 file(s) were found to have changed.
 (0,0): [10/23/2018 01:52:44.131 PM] Assembly-CSharp.dll compiling...
 (0,0): [10/23/2018 01:52:44.166 PM] Assembly-CSharp.dll: emitting IL to : C:\Users\Administrator\AdvProgTech\Temp\Assembly-CSharp.dll
 (0,0): [10/23/2018 01:52:44.179 PM] Assembly-CSharp.dll compilation finished in 47ms  source files re-parsed: 1 metadata reloaded: 0
 (0,0): [10/23/2018 01:52:44.191 PM] Assembly-CSharp.dll: compilation was cached, 1 file(s) were found to have changed.
 (0,0): [10/23/2018 01:53:03.602 PM] Assembly-CSharp.dll compiling...
 (0,0): [10/23/2018 01:53:03.635 PM] Assembly-CSharp.dll: emitting IL to : C:\Users\Administrator\AdvProgTech\Temp\Assembly-CSharp.dll
 (0,0): [10/23/2018 01:53:03.647 PM] Assembly-CSharp.dll compilation finished in 44ms  source files re-parsed: 1 metadata reloaded: 0
 (0,0): [10/23/2018 01:53:03.658 PM] Assembly-CSharp.dll: compilation was cached, 1 file(s) were found to have changed.
 (0,0): [10/23/2018 01:53:08.387 PM] Assembly-CSharp.dll compiling...
 (0,0): [10/23/2018 01:53:08.427 PM] Assembly-CSharp.dll: emitting IL to : C:\Users\Administrator\AdvProgTech\Temp\Assembly-CSharp.dll
 (0,0): [10/23/2018 01:53:08.470 PM] Assembly-CSharp.dll compilation finished in 82ms  source files re-parsed: 1 metadata reloaded: 0
 (0,0): [10/23/2018 01:53:08.481 PM] Assembly-CSharp.dll: compilation was cached, 1 file(s) were found to have changed.
 (0,0): [10/23/2018 01:53:15.578 PM] Assembly-CSharp.dll compiling...
 (0,0): [10/23/2018 01:53:15.612 PM] Assembly-CSharp.dll: emitting IL to : C:\Users\Administrator\AdvProgTech\Temp\Assembly-CSharp.dll
 (0,0): [10/23/2018 01:53:15.653 PM] Assembly-CSharp.dll compilation finished in 74ms  source files re-parsed: 1 metadata reloaded: 0
 (0,0): [10/23/2018 01:53:15.665 PM] Assembly-CSharp.dll: compilation was cached, 1 file(s) were found to have changed.
 (0,0): [10/23/2018 01:54:27.277 PM] Assembly-CSharp.dll compiling...
 (0,0): [10/23/2018 01:54:27.310 PM] Assembly-CSharp.dll: emitting IL to : C:\Users\Administrator\AdvProgTech\Temp\Assembly-CSharp.dll
 (0,0): [10/23/2018 01:54:27.357 PM] Assembly-CSharp.dll compilation finished in 79ms  source files re-parsed: 1 metadata reloaded: 0
 (0,0): [10/23/2018 01:54:27.368 PM] Assembly-CSharp.dll: compilation was cached, 1 file(s) were found to have changed.
 (0,0): [10/23/2018 01:55:00.027 PM] Assembly-CSharp.dll compiling...
 (0,0): [10/23/2018 01:55:00.061 PM] Assembly-CSharp.dll: emitting IL to : C:\Users\Administrator\AdvProgTech\Temp\Assembly-CSharp.dll
 (0,0): [10/23/2018 01:55:00.100 PM] Assembly-CSharp.dll compilation finished in 72ms  source files re-parsed: 2 metadata reloaded: 0
 (0,0): [10/23/2018 01:55:00.112 PM] Assembly-CSharp.dll: compilation was cached, 2 file(s) were found to have changed.
 (0,0): [10/23/2018 01:55:33.142 PM] Assembly-CSharp.dll compiling...
 (0,0): [10/23/2018 01:55:33.178 PM] Assembly-CSharp.dll: emitting IL to : C:\Users\Administrator\AdvProgTech\Temp\Assembly-CSharp.dll
 (0,0): [10/23/2018 01:55:33.217 PM] Assembly-CSharp.dll compilation finished in 74ms  source files re-parsed: 1 metadata reloaded: 0
 (0,0): [10/23/2018 01:55:33.229 PM] Assembly-CSharp.dll: compilation was cached, 1 file(s) were found to have changed.
 (0,0): [10/23/2018 01:55:44.016 PM] Assembly-CSharp.dll compiling...
 (0,0): [10/23/2018 01:55:44.086 PM] Assembly-CSharp.dll: emitting IL to : C:\Users\Administrator\AdvProgTech\Temp\Assembly-CSharp.dll
 (0,0): [10/23/2018 01:55:44.126 PM] Assembly-CSharp.dll compilation finished in 109ms  source files re-parsed: 1 metadata reloaded: 0
 (0,0): [10/23/2018 01:55:44.138 PM] Assembly-CSharp.dll: compilation was cached, 1 file(s) were found to have changed.
 (0,0): [10/23/2018 01:57:15.172 PM] Assembly-CSharp.dll compiling...
 (0,0): [10/23/2018 01:57:15.210 PM] Assembly-CSharp.dll: emitting IL to : C:\Users\Administrator\AdvProgTech\Temp\Assembly-CSharp.dll
 (0,0): [10/23/2018 01:57:15.248 PM] Assembly-CSharp.dll compilation finished in 75ms  source files re-parsed: 1 metadata reloaded: 0
 (0,0): [10/23/2018 01:57:15.260 PM] Assembly-CSharp.dll: compilation was cached, 1 file(s) were found to have changed.
 (0,0): [10/23/2018 01:57:27.354 PM] Assembly-CSharp.dll compiling...
 (0,0): [10/23/2018 01:57:27.393 PM] Assembly-CSharp.dll: emitting IL to : C:\Users\Administrator\AdvProgTech\Temp\Assembly-CSharp.dll
 (0,0): [10/23/2018 01:57:27.430 PM] Assembly-CSharp.dll compilation finished in 76ms  source files re-parsed: 1 metadata reloaded: 0
 (0,0): [10/23/2018 01:57:27.442 PM] Assembly-CSharp.dll: compilation was cached, 1 file(s) were found to have changed.
 (0,0): [10/23/2018 01:58:35.238 PM] Assembly-CSharp.dll compiling...
 (0,0): [10/23/2018 01:58:35.273 PM] Assembly-CSharp.dll: emitting IL to : C:\Users\Administrator\AdvProgTech\Temp\Assembly-CSharp.dll
 (0,0): [10/23/2018 01:58:35.309 PM] Assembly-CSharp.dll compilation finished in 70ms  source files re-parsed: 1 metadata reloaded: 0
 (0,0): [10/23/2018 01:58:35.320 PM] Assembly-CSharp.dll: compilation was cached, 1 file(s) were found to have changed.
 (0,0): [10/23/2018 01:59:35.808 PM] Assembly-CSharp.dll compiling...
 (0,0): [10/23/2018 01:59:35.843 PM] Assembly-CSharp.dll: emitting IL to : C:\Users\Administrator\AdvProgTech\Temp\Assembly-CSharp.dll
 (0,0): [10/23/2018 01:59:35.881 PM] Assembly-CSharp.dll compilation finished in 73ms  source files re-parsed: 1 metadata reloaded: 0
 (0,0): [10/23/2018 01:59:35.893 PM] Assembly-CSharp.dll: compilation was cached, 1 file(s) were found to have changed.
 (0,0): [10/23/2018 02:01:24.902 PM] Assembly-CSharp.dll compiling...
 (0,0): [10/23/2018 02:01:24.934 PM] Assembly-CSharp.dll: emitting IL to : C:\Users\Administrator\AdvProgTech\Temp\Assembly-CSharp.dll
 (0,0): [10/23/2018 02:01:24.973 PM] Assembly-CSharp.dll compilation finished in 70ms  source files re-parsed: 1 metadata reloaded: 0
 (0,0): [10/23/2018 02:01:24.984 PM] Assembly-CSharp.dll: compilation was cached, 1 file(s) were found to have changed.
 (0,0): [10/23/2018 02:02:59.438 PM] Assembly-CSharp.dll compiling...
 (0,0): [10/23/2018 02:02:59.473 PM] Assembly-CSharp.dll: emitting IL to : C:\Users\Administrator\AdvProgTech\Temp\Assembly-CSharp.dll
 (0,0): [10/23/2018 02:02:59.484 PM] Assembly-CSharp.dll compilation finished in 46ms  source files re-parsed: 1 metadata reloaded: 0
 (0,0): [10/23/2018 02:02:59.496 PM] Assembly-CSharp.dll: compilation was cached, 1 file(s) were found to have changed.
 (0,0): [10/23/2018 02:03:01.784 PM] Assembly-CSharp.dll compiling...
 (0,0): [10/23/2018 02:03:01.826 PM] Assembly-CSharp.dll: emitting IL to : C:\Users\Administrator\AdvProgTech\Temp\Assembly-CSharp.dll
 (0,0): [10/23/2018 02:03:01.862 PM] Assembly-CSharp.dll compilation finished in 78ms  source files re-parsed: 1 metadata reloaded: 0
 (0,0): [10/23/2018 02:03:01.874 PM] Assembly-CSharp.dll: compilation was cached, 1 file(s) were found to have changed.
 (0,0): [10/23/2018 02:03:21.137 PM] Assembly-CSharp.dll compiling...
 (0,0): [10/23/2018 02:03:21.184 PM] Assembly-CSharp.dll: emitting IL to : C:\Users\Administrator\AdvProgTech\Temp\Assembly-CSharp.dll
 (0,0): [10/23/2018 02:03:21.221 PM] Assembly-CSharp.dll compilation finished in 83ms  source files re-parsed: 1 metadata reloaded: 0
 (0,0): [10/23/2018 02:03:21.233 PM] Assembly-CSharp.dll: compilation was cached, 1 file(s) were found to have changed.
 (0,0): [10/23/2018 02:03:32.208 PM] Assembly-CSharp.dll compiling...
 (0,0): [10/23/2018 02:03:32.248 PM] Assembly-CSharp.dll: emitting IL to : C:\Users\Administrator\AdvProgTech\Temp\Assembly-CSharp.dll
 (0,0): [10/23/2018 02:03:32.288 PM] Assembly-CSharp.dll compilation finished in 79ms  source files re-parsed: 1 metadata reloaded: 0
 (0,0): [10/23/2018 02:03:32.301 PM] Assembly-CSharp.dll: compilation was cached, 1 file(s) were found to have changed.
 (0,0): [10/23/2018 02:03:43.034 PM] Assembly-CSharp.dll compiling...
 (0,0): [10/23/2018 02:03:43.070 PM] Assembly-CSharp.dll: emitting IL to : C:\Users\Administrator\AdvProgTech\Temp\Assembly-CSharp.dll
 (0,0): [10/23/2018 02:03:43.107 PM] Assembly-CSharp.dll compilation finished in 72ms  source files re-parsed: 1 metadata reloaded: 0
 (0,0): [10/23/2018 02:03:43.119 PM] Assembly-CSharp.dll: compilation was cached, 1 file(s) were found to have changed.
 (0,0): [10/23/2018 02:17:32.101 PM] Assembly-CSharp.dll compiling...
 (0,0): [10/23/2018 02:17:32.137 PM] Assembly-CSharp.dll: emitting IL to : C:\Users\Administrator\AdvProgTech\Temp\Assembly-CSharp.dll
 (0,0): [10/23/2018 02:17:32.181 PM] Assembly-CSharp.dll compilation finished in 80ms  source files re-parsed: 1 metadata reloaded: 0
 (0,0): [10/23/2018 02:17:32.193 PM] Assembly-CSharp.dll: compilation was cached, 1 file(s) were found to have changed.
 (0,0): [10/23/2018 02:18:12.985 PM] Assembly-CSharp.dll compiling...
 (0,0): [10/23/2018 02:18:13.020 PM] Assembly-CSharp.dll: emitting IL to : C:\Users\Administrator\AdvProgTech\Temp\Assembly-CSharp.dll
 (0,0): [10/23/2018 02:18:13.032 PM] Assembly-CSharp.dll compilation finished in 47ms  source files re-parsed: 1 metadata reloaded: 0
 (0,0): [10/23/2018 02:18:13.044 PM] Assembly-CSharp.dll: compilation was cached, 1 file(s) were found to have changed.
 (0,0): [10/23/2018 02:18:17.125 PM] Assembly-CSharp.dll compiling...
 (0,0): [10/23/2018 02:18:17.154 PM] Assembly-CSharp.dll: emitting IL to : C:\Users\Administrator\AdvProgTech\Temp\Assembly-CSharp.dll
 (0,0): [10/23/2018 02:18:17.165 PM] Assembly-CSharp.dll compilation finished in 39ms  source files re-parsed: 1 metadata reloaded: 0
 (0,0): [10/23/2018 02:18:17.177 PM] Assembly-CSharp.dll: compilation was cached, 1 file(s) were found to have changed.
 (0,0): [10/23/2018 02:18:22.918 PM] Assembly-CSharp.dll compiling...
 (0,0): [10/23/2018 02:18:22.956 PM] Assembly-CSharp.dll: emitting IL to : C:\Users\Administrator\AdvProgTech\Temp\Assembly-CSharp.dll
 (0,0): [10/23/2018 02:18:22.994 PM] Assembly-CSharp.dll compilation finished in 76ms  source files re-parsed: 1 metadata reloaded: 0
 (0,0): [10/23/2018 02:18:23.005 PM] Assembly-CSharp.dll: compilation was cached, 1 file(s) were found to have changed.
 (0,0): [10/23/2018 02:19:12.367 PM] Assembly-CSharp.dll compiling...
 (0,0): [10/23/2018 02:19:12.404 PM] Assembly-CSharp.dll: emitting IL to : C:\Users\Administrator\AdvProgTech\Temp\Assembly-CSharp.dll
 (0,0): [10/23/2018 02:19:12.443 PM] Assembly-CSharp.dll compilation finished in 75ms  source files re-parsed: 1 metadata reloaded: 0
 (0,0): [10/23/2018 02:19:12.455 PM] Assembly-CSharp.dll: compilation was cached, 1 file(s) were found to have changed.
 (0,0): [10/23/2018 02:19:25.457 PM] Assembly-CSharp.dll compiling...
 (0,0): [10/23/2018 02:19:25.493 PM] Assembly-CSharp.dll: emitting IL to : C:\Users\Administrator\AdvProgTech\Temp\Assembly-CSharp.dll
 (0,0): [10/23/2018 02:19:25.531 PM] Assembly-CSharp.dll compilation finished in 74ms  source files re-parsed: 1 metadata reloaded: 0
 (0,0): [10/23/2018 02:19:25.543 PM] Assembly-CSharp.dll: compilation was cached, 1 file(s) were found to have changed.
 (0,0): [10/23/2018 02:20:03.866 PM] Assembly-CSharp.dll compiling...
 (0,0): [10/23/2018 02:20:03.905 PM] Assembly-CSharp.dll: emitting IL to : C:\Users\Administrator\AdvProgTech\Temp\Assembly-CSharp.dll
 (0,0): [10/23/2018 02:20:03.944 PM] Assembly-CSharp.dll compilation finished in 77ms  source files re-parsed: 1 metadata reloaded: 0
 (0,0): [10/23/2018 02:20:03.957 PM] Assembly-CSharp.dll: compilation was cached, 1 file(s) were found to have changed.
 (0,0): [10/23/2018 02:20:34.504 PM] Assembly-CSharp.dll compiling...
 (0,0): [10/23/2018 02:20:34.543 PM] Assembly-CSharp.dll: emitting IL to : C:\Users\Administrator\AdvProgTech\Temp\Assembly-CSharp.dll
 (0,0): [10/23/2018 02:20:34.582 PM] Assembly-CSharp.dll compilation finished in 77ms  source files re-parsed: 1 metadata reloaded: 0
 (0,0): [10/23/2018 02:20:34.593 PM] Assembly-CSharp.dll: compilation was cached, 1 file(s) were found to have changed.
 (0,0): [10/23/2018 02:21:25.316 PM] Assembly-CSharp.dll compiling...
 (0,0): [10/23/2018 02:21:25.351 PM] Assembly-CSharp.dll: emitting IL to : C:\Users\Administrator\AdvProgTech\Temp\Assembly-CSharp.dll
 (0,0): [10/23/2018 02:21:25.362 PM] Assembly-CSharp.dll compilation finished in 46ms  source files re-parsed: 2 metadata reloaded: 0
 (0,0): [10/23/2018 02:21:25.374 PM] Assembly-CSharp.dll: compilation was cached, 2 file(s) were found to have changed.
 (0,0): [10/23/2018 02:21:27.613 PM] Assembly-CSharp.dll compiling...
 (0,0): [10/23/2018 02:21:27.641 PM] Assembly-CSharp.dll: emitting IL to : C:\Users\Administrator\AdvProgTech\Temp\Assembly-CSharp.dll
 (0,0): [10/23/2018 02:21:27.653 PM] Assembly-CSharp.dll compilation finished in 39ms  source files re-parsed: 1 metadata reloaded: 0
 (0,0): [10/23/2018 02:21:27.664 PM] Assembly-CSharp.dll: compilation was cached, 1 file(s) were found to have changed.
 (0,0): [10/23/2018 02:21:33.643 PM] Assembly-CSharp.dll compiling...
 (0,0): [10/23/2018 02:21:33.673 PM] Assembly-CSharp.dll: emitting IL to : C:\Users\Administrator\AdvProgTech\Temp\Assembly-CSharp.dll
 (0,0): [10/23/2018 02:21:33.685 PM] Assembly-CSharp.dll compilation finished in 42ms  source files re-parsed: 1 metadata reloaded: 0
 (0,0): [10/23/2018 02:21:33.697 PM] Assembly-CSharp.dll: compilation was cached, 1 file(s) were found to have changed.
 (0,0): [10/23/2018 02:22:42.029 PM] Assembly-CSharp.dll compiling...
 (0,0): [10/23/2018 02:22:42.075 PM] Assembly-CSharp.dll: emitting IL to : C:\Users\Administrator\AdvProgTech\Temp\Assembly-CSharp.dll
 (0,0): [10/23/2018 02:22:42.088 PM] Assembly-CSharp.dll compilation finished in 59ms  source files re-parsed: 1 metadata reloaded: 0
 (0,0): [10/23/2018 02:22:42.100 PM] Assembly-CSharp.dll: compilation was cached, 1 file(s) were found to have changed.
 (0,0): [10/23/2018 02:23:49.984 PM] Assembly-CSharp.dll compiling...
 (0,0): [10/23/2018 02:23:50.027 PM] Assembly-CSharp.dll: emitting IL to : C:\Users\Administrator\AdvProgTech\Temp\Assembly-CSharp.dll
 (0,0): [10/23/2018 02:23:50.072 PM] Assembly-CSharp.dll compilation finished in 87ms  source files re-parsed: 1 metadata reloaded: 0
 (0,0): [10/23/2018 02:23:50.083 PM] Assembly-CSharp.dll: compilation was cached, 1 file(s) were found to have changed.
 (0,0): [10/23/2018 02:23:57.743 PM] Assembly-CSharp.dll compiling...
 (0,0): [10/23/2018 02:23:57.780 PM] Assembly-CSharp.dll: emitting IL to : C:\Users\Administrator\AdvProgTech\Temp\Assembly-CSharp.dll
 (0,0): [10/23/2018 02:23:57.817 PM] Assembly-CSharp.dll compilation finished in 74ms  source files re-parsed: 1 metadata reloaded: 0
 (0,0): [10/23/2018 02:23:57.829 PM] Assembly-CSharp.dll: compilation was cached, 1 file(s) were found to have changed.
 (0,0): [10/23/2018 02:25:36.348 PM] Assembly-CSharp.dll compiling...
 (0,0): [10/23/2018 02:25:36.387 PM] Assembly-CSharp.dll: emitting IL to : C:\Users\Administrator\AdvProgTech\Temp\Assembly-CSharp.dll
 (0,0): [10/23/2018 02:25:36.431 PM] Assembly-CSharp.dll compilation finished in 83ms  source files re-parsed: 1 metadata reloaded: 0
 (0,0): [10/23/2018 02:25:36.442 PM] Assembly-CSharp.dll: compilation was cached, 1 file(s) were found to have changed.
 (0,0): [10/23/2018 02:26:03.469 PM] Assembly-CSharp.dll compiling...
 (0,0): [10/23/2018 02:26:03.505 PM] Assembly-CSharp.dll: emitting IL to : C:\Users\Administrator\AdvProgTech\Temp\Assembly-CSharp.dll
 (0,0): [10/23/2018 02:26:03.566 PM] Assembly-CSharp.dll compilation finished in 97ms  source files re-parsed: 1 metadata reloaded: 0
 (0,0): [10/23/2018 02:26:03.578 PM] Assembly-CSharp.dll: compilation was cached, 1 file(s) were found to have changed.
 (0,0): [10/23/2018 02:26:42.898 PM] Assembly-CSharp.dll compiling...
 (0,0): [10/23/2018 02:26:42.935 PM] Assembly-CSharp.dll: emitting IL to : C:\Users\Administrator\AdvProgTech\Temp\Assembly-CSharp.dll
 (0,0): [10/23/2018 02:26:42.977 PM] Assembly-CSharp.dll compilation finished in 78ms  source files re-parsed: 1 metadata reloaded: 0
 (0,0): [10/23/2018 02:26:42.988 PM] Assembly-CSharp.dll: compilation was cached, 1 file(s) were found to have changed.
 (0,0): [10/23/2018 02:26:46.859 PM] Assembly-CSharp.dll compiling...
 (0,0): [10/23/2018 02:26:46.894 PM] Assembly-CSharp.dll: emitting IL to : C:\Users\Administrator\AdvProgTech\Temp\Assembly-CSharp.dll
 (0,0): [10/23/2018 02:26:46.906 PM] Assembly-CSharp.dll compilation finished in 47ms  source files re-parsed: 1 metadata reloaded: 0
 (0,0): [10/23/2018 02:26:46.918 PM] Assembly-CSharp.dll: compilation was cached, 1 file(s) were found to have changed.
 (0,0): [10/23/2018 02:26:55.529 PM] Assembly-CSharp.dll compiling...
 (0,0): [10/23/2018 02:26:55.564 PM] Assembly-CSharp.dll: emitting IL to : C:\Users\Administrator\AdvProgTech\Temp\Assembly-CSharp.dll
 (0,0): [10/23/2018 02:26:55.576 PM] Assembly-CSharp.dll compilation finished in 46ms  source files re-parsed: 1 metadata reloaded: 0
 (0,0): [10/23/2018 02:26:55.588 PM] Assembly-CSharp.dll: compilation was cached, 1 file(s) were found to have changed.
 (0,0): [10/23/2018 02:26:58.502 PM] Assembly-CSharp.dll compiling...
 (0,0): [10/23/2018 02:26:58.546 PM] Assembly-CSharp.dll: emitting IL to : C:\Users\Administrator\AdvProgTech\Temp\Assembly-CSharp.dll
 (0,0): [10/23/2018 02:26:58.589 PM] Assembly-CSharp.dll compilation finished in 87ms  source files re-parsed: 1 metadata reloaded: 0
 (0,0): [10/23/2018 02:26:58.601 PM] Assembly-CSharp.dll: compilation was cached, 1 file(s) were found to have changed.
 (0,0): [10/23/2018 02:27:22.886 PM] Assembly-CSharp.dll compiling...
 (0,0): [10/23/2018 02:27:22.925 PM] Assembly-CSharp.dll: emitting IL to : C:\Users\Administrator\AdvProgTech\Temp\Assembly-CSharp.dll
 (0,0): [10/23/2018 02:27:22.968 PM] Assembly-CSharp.dll compilation finished in 82ms  source files re-parsed: 1 metadata reloaded: 0
 (0,0): [10/23/2018 02:27:22.980 PM] Assembly-CSharp.dll: compilation was cached, 1 file(s) were found to have changed.
 (0,0): [10/23/2018 02:27:51.754 PM] Assembly-CSharp.dll compiling...
 (0,0): [10/23/2018 02:27:51.793 PM] Assembly-CSharp.dll: emitting IL to : C:\Users\Administrator\AdvProgTech\Temp\Assembly-CSharp.dll
 (0,0): [10/23/2018 02:27:51.839 PM] Assembly-CSharp.dll compilation finished in 85ms  source files re-parsed: 1 metadata reloaded: 0
 (0,0): [10/23/2018 02:27:51.850 PM] Assembly-CSharp.dll: compilation was cached, 1 file(s) were found to have changed.
 (0,0): [10/23/2018 02:28:34.847 PM] Assembly-CSharp.dll compiling...
 (0,0): [10/23/2018 02:28:34.886 PM] Assembly-CSharp.dll: emitting IL to : C:\Users\Administrator\AdvProgTech\Temp\Assembly-CSharp.dll
 (0,0): [10/23/2018 02:28:34.897 PM] Assembly-CSharp.dll compilation finished in 50ms  source files re-parsed: 1 metadata reloaded: 0
 (0,0): [10/23/2018 02:28:34.909 PM] Assembly-CSharp.dll: compilation was cached, 1 file(s) were found to have changed.
 (0,0): [10/23/2018 02:29:03.352 PM] Assembly-CSharp.dll compiling...
 (0,0): [10/23/2018 02:29:03.400 PM] Assembly-CSharp.dll: emitting IL to : C:\Users\Administrator\AdvProgTech\Temp\Assembly-CSharp.dll
 (0,0): [10/23/2018 02:29:03.412 PM] Assembly-CSharp.dll compilation finished in 59ms  source files re-parsed: 1 metadata reloaded: 0
 (0,0): [10/23/2018 02:29:03.424 PM] Assembly-CSharp.dll: compilation was cached, 1 file(s) were found to have changed.
 (0,0): [10/23/2018 02:29:06.567 PM] Assembly-CSharp.dll compiling...
 (0,0): [10/23/2018 02:29:06.620 PM] Assembly-CSharp.dll: emitting IL to : C:\Users\Administrator\AdvProgTech\Temp\Assembly-CSharp.dll
 (0,0): [10/23/2018 02:29:06.632 PM] Assembly-CSharp.dll compilation finished in 65ms  source files re-parsed: 1 metadata reloaded: 0
 (0,0): [10/23/2018 02:29:06.644 PM] Assembly-CSharp.dll: compilation was cached, 1 file(s) were found to have changed.
 (0,0): [10/23/2018 02:29:31.653 PM] Assembly-CSharp.dll compiling...
 (0,0): [10/23/2018 02:29:31.693 PM] Assembly-CSharp.dll: emitting IL to : C:\Users\Administrator\AdvProgTech\Temp\Assembly-CSharp.dll
 (0,0): [10/23/2018 02:29:31.710 PM] Assembly-CSharp.dll compilation finished in 57ms  source files re-parsed: 4 metadata reloaded: 0
 (0,0): [10/23/2018 02:29:31.725 PM] Assembly-CSharp.dll: compilation was cached, 4 file(s) were found to have changed.
 (0,0): [10/23/2018 02:29:41.589 PM] Assembly-CSharp.dll compiling...
 (0,0): [10/23/2018 02:29:41.628 PM] Assembly-CSharp.dll: emitting IL to : C:\Users\Administrator\AdvProgTech\Temp\Assembly-CSharp.dll
 (0,0): [10/23/2018 02:29:41.640 PM] Assembly-CSharp.dll compilation finished in 50ms  source files re-parsed: 1 metadata reloaded: 0
 (0,0): [10/23/2018 02:29:41.651 PM] Assembly-CSharp.dll: compilation was cached, 1 file(s) were found to have changed.
 (0,0): [10/23/2018 02:29:46.573 PM] Assembly-CSharp.dll compiling...
 (0,0): [10/23/2018 02:29:46.607 PM] Assembly-CSharp.dll: emitting IL to : C:\Users\Administrator\AdvProgTech\Temp\Assembly-CSharp.dll
 (0,0): [10/23/2018 02:29:46.618 PM] Assembly-CSharp.dll compilation finished in 45ms  source files re-parsed: 1 metadata reloaded: 0
 (0,0): [10/23/2018 02:29:46.630 PM] Assembly-CSharp.dll: compilation was cached, 1 file(s) were found to have changed.
 (0,0): [10/23/2018 02:29:50.325 PM] Assembly-CSharp.dll compiling...
 (0,0): [10/23/2018 02:29:50.366 PM] Assembly-CSharp.dll: emitting IL to : C:\Users\Administrator\AdvProgTech\Temp\Assembly-CSharp.dll
 (0,0): [10/23/2018 02:29:50.379 PM] Assembly-CSharp.dll compilation finished in 53ms  source files re-parsed: 1 metadata reloaded: 0
 (0,0): [10/23/2018 02:29:50.390 PM] Assembly-CSharp.dll: compilation was cached, 1 file(s) were found to have changed.
 (0,0): [10/23/2018 02:29:53.467 PM] Assembly-CSharp.dll compiling...
 (0,0): [10/23/2018 02:29:53.502 PM] Assembly-CSharp.dll: emitting IL to : C:\Users\Administrator\AdvProgTech\Temp\Assembly-CSharp.dll
 (0,0): [10/23/2018 02:29:53.514 PM] Assembly-CSharp.dll compilation finished in 46ms  source files re-parsed: 1 metadata reloaded: 0
 (0,0): [10/23/2018 02:29:53.525 PM] Assembly-CSharp.dll: compilation was cached, 1 file(s) were found to have changed.
 (0,0): [10/23/2018 02:30:05.548 PM] Assembly-CSharp.dll compiling...
 (0,0): [10/23/2018 02:30:05.580 PM] Assembly-CSharp.dll: emitting IL to : C:\Users\Administrator\AdvProgTech\Temp\Assembly-CSharp.dll
 (0,0): [10/23/2018 02:30:05.592 PM] Assembly-CSharp.dll compilation finished in 43ms  source files re-parsed: 1 metadata reloaded: 0
 (0,0): [10/23/2018 02:30:05.604 PM] Assembly-CSharp.dll: compilation was cached, 1 file(s) were found to have changed.
 (0,0): [10/23/2018 02:30:07.285 PM] Assembly-CSharp.dll compiling...
 (0,0): [10/23/2018 02:30:07.327 PM] Assembly-CSharp.dll: emitting IL to : C:\Users\Administrator\AdvProgTech\Temp\Assembly-CSharp.dll
 (0,0): [10/23/2018 02:30:07.396 PM] Assembly-CSharp.dll compilation finished in 110ms  source files re-parsed: 1 metadata reloaded: 0
 (0,0): [10/23/2018 02:30:07.408 PM] Assembly-CSharp.dll: compilation was cached, 1 file(s) were found to have changed.
 (0,0): [10/23/2018 02:30:11.280 PM] Assembly-CSharp.dll compiling...
 (0,0): [10/23/2018 02:30:11.315 PM] Assembly-CSharp.dll: emitting IL to : C:\Users\Administrator\AdvProgTech\Temp\Assembly-CSharp.dll
 (0,0): [10/23/2018 02:30:11.354 PM] Assembly-CSharp.dll compilation finished in 74ms  source files re-parsed: 1 metadata reloaded: 0
 (0,0): [10/23/2018 02:30:11.366 PM] Assembly-CSharp.dll: compilation was cached, 1 file(s) were found to have changed.
 (0,0): [10/23/2018 02:30:31.573 PM] Assembly-CSharp.dll compiling...
 (0,0): [10/23/2018 02:30:31.606 PM] Assembly-CSharp.dll: emitting IL to : C:\Users\Administrator\AdvProgTech\Temp\Assembly-CSharp.dll
 (0,0): [10/23/2018 02:30:31.644 PM] Assembly-CSharp.dll compilation finished in 70ms  source files re-parsed: 1 metadata reloaded: 0
 (0,0): [10/23/2018 02:30:31.655 PM] Assembly-CSharp.dll: compilation was cached, 1 file(s) were found to have changed.
 (0,0): [10/23/2018 02:30:39.346 PM] Assembly-CSharp.dll compiling...
 (0,0): [10/23/2018 02:30:39.393 PM] Assembly-CSharp.dll: emitting IL to : C:\Users\Administrator\AdvProgTech\Temp\Assembly-CSharp.dll
 (0,0): [10/23/2018 02:30:39.441 PM] Assembly-CSharp.dll compilation finished in 95ms  source files re-parsed: 1 metadata reloaded: 0
 (0,0): [10/23/2018 02:30:39.452 PM] Assembly-CSharp.dll: compilation was cached, 1 file(s) were found to have changed.
 (0,0): [10/23/2018 02:30:40.636 PM] Assembly-CSharp.dll compiling...
 (0,0): [10/23/2018 02:30:40.674 PM] Assembly-CSharp.dll: emitting IL to : C:\Users\Administrator\AdvProgTech\Temp\Assembly-CSharp.dll
 (0,0): [10/23/2018 02:30:40.717 PM] Assembly-CSharp.dll compilation finished in 81ms  source files re-parsed: 0 metadata reloaded: 0
 (0,0): [10/23/2018 02:30:40.729 PM] Assembly-CSharp.dll: compilation was cached, 0 file(s) were found to have changed.
 (0,0): [10/23/2018 02:32:16.278 PM] Assembly-CSharp.dll compiling...
 (0,0): [10/23/2018 02:32:16.314 PM] Assembly-CSharp.dll: emitting IL to : C:\Users\Administrator\AdvProgTech\Temp\Assembly-CSharp.dll
 (0,0): [10/23/2018 02:32:16.357 PM] Assembly-CSharp.dll compilation finished in 78ms  source files re-parsed: 1 metadata reloaded: 0
 (0,0): [10/23/2018 02:32:16.369 PM] Assembly-CSharp.dll: compilation was cached, 1 file(s) were found to have changed.
 (0,0): [10/23/2018 02:34:12.881 PM] Assembly-CSharp.dll compiling...
 (0,0): [10/23/2018 02:34:12.921 PM] Assembly-CSharp.dll: emitting IL to : C:\Users\Administrator\AdvProgTech\Temp\Assembly-CSharp.dll
 (0,0): [10/23/2018 02:34:12.961 PM] Assembly-CSharp.dll compilation finished in 79ms  source files re-parsed: 1 metadata reloaded: 0
 (0,0): [10/23/2018 02:34:12.972 PM] Assembly-CSharp.dll: compilation was cached, 1 file(s) were found to have changed.
 (0,0): [10/23/2018 02:34:25.382 PM] Assembly-CSharp.dll compiling...
 (0,0): [10/23/2018 02:34:25.418 PM] Assembly-CSharp.dll: emitting IL to : C:\Users\Administrator\AdvProgTech\Temp\Assembly-CSharp.dll
 (0,0): [10/23/2018 02:34:25.458 PM] Assembly-CSharp.dll compilation finished in 76ms  source files re-parsed: 1 metadata reloaded: 0
 (0,0): [10/23/2018 02:34:25.469 PM] Assembly-CSharp.dll: compilation was cached, 1 file(s) were found to have changed.
 (0,0): [10/23/2018 02:34:31.745 PM] Assembly-CSharp.dll compiling...
 (0,0): [10/23/2018 02:34:31.781 PM] Assembly-CSharp.dll: emitting IL to : C:\Users\Administrator\AdvProgTech\Temp\Assembly-CSharp.dll
 (0,0): [10/23/2018 02:34:31.821 PM] Assembly-CSharp.dll compilation finished in 75ms  source files re-parsed: 1 metadata reloaded: 0
 (0,0): [10/23/2018 02:34:31.832 PM] Assembly-CSharp.dll: compilation was cached, 1 file(s) were found to have changed.
